<?xml version="1.0" encoding="UTF-8"?>
<testsuite xmlns:xsi="http://www.w3.org/2001/XMLSchema-instance" xsi:noNamespaceSchemaLocation="https://maven.apache.org/surefire/maven-surefire-plugin/xsd/surefire-test-report-3.0.xsd" version="3.0" name="com.autoestudo.backEnd.AutoEstutoApplicationTests" time="5.702" tests="1" errors="0" skipped="0" failures="0">
  <properties>
    <property name="java.specification.version" value="17"/>
    <property name="sun.jnu.encoding" value="UTF-8"/>
    <property name="java.class.path" value="/home/brenogonzaga/Dev/backEnd/target/test-classes:/home/brenogonzaga/Dev/backEnd/target/classes:/home/brenogonzaga/.m2/repository/org/springframework/boot/spring-boot-starter-data-jpa/3.1.4/spring-boot-starter-data-jpa-3.1.4.jar:/home/brenogonzaga/.m2/repository/org/springframework/boot/spring-boot-starter-aop/3.1.4/spring-boot-starter-aop-3.1.4.jar:/home/brenogonzaga/.m2/repository/org/aspectj/aspectjweaver/1.9.20/aspectjweaver-1.9.20.jar:/home/brenogonzaga/.m2/repository/org/springframework/boot/spring-boot-starter-jdbc/3.1.4/spring-boot-starter-jdbc-3.1.4.jar:/home/brenogonzaga/.m2/repository/com/zaxxer/HikariCP/5.0.1/HikariCP-5.0.1.jar:/home/brenogonzaga/.m2/repository/org/springframework/spring-jdbc/6.0.12/spring-jdbc-6.0.12.jar:/home/brenogonzaga/.m2/repository/org/hibernate/orm/hibernate-core/6.2.9.Final/hibernate-core-6.2.9.Final.jar:/home/brenogonzaga/.m2/repository/jakarta/persistence/jakarta.persistence-api/3.1.0/jakarta.persistence-api-3.1.0.jar:/home/brenogonzaga/.m2/repository/jakarta/transaction/jakarta.transaction-api/2.0.1/jakarta.transaction-api-2.0.1.jar:/home/brenogonzaga/.m2/repository/org/jboss/logging/jboss-logging/3.5.3.Final/jboss-logging-3.5.3.Final.jar:/home/brenogonzaga/.m2/repository/org/hibernate/common/hibernate-commons-annotations/6.0.6.Final/hibernate-commons-annotations-6.0.6.Final.jar:/home/brenogonzaga/.m2/repository/io/smallrye/jandex/3.0.5/jandex-3.0.5.jar:/home/brenogonzaga/.m2/repository/com/fasterxml/classmate/1.5.1/classmate-1.5.1.jar:/home/brenogonzaga/.m2/repository/net/bytebuddy/byte-buddy/1.14.8/byte-buddy-1.14.8.jar:/home/brenogonzaga/.m2/repository/org/glassfish/jaxb/jaxb-runtime/4.0.3/jaxb-runtime-4.0.3.jar:/home/brenogonzaga/.m2/repository/org/glassfish/jaxb/jaxb-core/4.0.3/jaxb-core-4.0.3.jar:/home/brenogonzaga/.m2/repository/org/eclipse/angus/angus-activation/2.0.1/angus-activation-2.0.1.jar:/home/brenogonzaga/.m2/repository/org/glassfish/jaxb/txw2/4.0.3/txw2-4.0.3.jar:/home/brenogonzaga/.m2/repository/com/sun/istack/istack-commons-runtime/4.1.2/istack-commons-runtime-4.1.2.jar:/home/brenogonzaga/.m2/repository/jakarta/inject/jakarta.inject-api/2.0.1/jakarta.inject-api-2.0.1.jar:/home/brenogonzaga/.m2/repository/org/antlr/antlr4-runtime/4.10.1/antlr4-runtime-4.10.1.jar:/home/brenogonzaga/.m2/repository/org/springframework/data/spring-data-jpa/3.1.4/spring-data-jpa-3.1.4.jar:/home/brenogonzaga/.m2/repository/org/springframework/data/spring-data-commons/3.1.4/spring-data-commons-3.1.4.jar:/home/brenogonzaga/.m2/repository/org/springframework/spring-orm/6.0.12/spring-orm-6.0.12.jar:/home/brenogonzaga/.m2/repository/org/springframework/spring-context/6.0.12/spring-context-6.0.12.jar:/home/brenogonzaga/.m2/repository/org/springframework/spring-tx/6.0.12/spring-tx-6.0.12.jar:/home/brenogonzaga/.m2/repository/org/springframework/spring-beans/6.0.12/spring-beans-6.0.12.jar:/home/brenogonzaga/.m2/repository/jakarta/annotation/jakarta.annotation-api/2.1.1/jakarta.annotation-api-2.1.1.jar:/home/brenogonzaga/.m2/repository/org/slf4j/slf4j-api/2.0.9/slf4j-api-2.0.9.jar:/home/brenogonzaga/.m2/repository/org/springframework/spring-aspects/6.0.12/spring-aspects-6.0.12.jar:/home/brenogonzaga/.m2/repository/org/springframework/boot/spring-boot-starter-security/3.1.4/spring-boot-starter-security-3.1.4.jar:/home/brenogonzaga/.m2/repository/org/springframework/boot/spring-boot-starter/3.1.4/spring-boot-starter-3.1.4.jar:/home/brenogonzaga/.m2/repository/org/springframework/boot/spring-boot-starter-logging/3.1.4/spring-boot-starter-logging-3.1.4.jar:/home/brenogonzaga/.m2/repository/ch/qos/logback/logback-classic/1.4.11/logback-classic-1.4.11.jar:/home/brenogonzaga/.m2/repository/ch/qos/logback/logback-core/1.4.11/logback-core-1.4.11.jar:/home/brenogonzaga/.m2/repository/org/apache/logging/log4j/log4j-to-slf4j/2.20.0/log4j-to-slf4j-2.20.0.jar:/home/brenogonzaga/.m2/repository/org/apache/logging/log4j/log4j-api/2.20.0/log4j-api-2.20.0.jar:/home/brenogonzaga/.m2/repository/org/slf4j/jul-to-slf4j/2.0.9/jul-to-slf4j-2.0.9.jar:/home/brenogonzaga/.m2/repository/org/yaml/snakeyaml/1.33/snakeyaml-1.33.jar:/home/brenogonzaga/.m2/repository/org/springframework/spring-aop/6.0.12/spring-aop-6.0.12.jar:/home/brenogonzaga/.m2/repository/org/springframework/security/spring-security-config/6.1.4/spring-security-config-6.1.4.jar:/home/brenogonzaga/.m2/repository/org/springframework/security/spring-security-web/6.1.4/spring-security-web-6.1.4.jar:/home/brenogonzaga/.m2/repository/org/springframework/spring-expression/6.0.12/spring-expression-6.0.12.jar:/home/brenogonzaga/.m2/repository/org/springframework/boot/spring-boot-starter-web/3.1.4/spring-boot-starter-web-3.1.4.jar:/home/brenogonzaga/.m2/repository/org/springframework/boot/spring-boot-starter-json/3.1.4/spring-boot-starter-json-3.1.4.jar:/home/brenogonzaga/.m2/repository/com/fasterxml/jackson/core/jackson-databind/2.15.2/jackson-databind-2.15.2.jar:/home/brenogonzaga/.m2/repository/com/fasterxml/jackson/core/jackson-annotations/2.15.2/jackson-annotations-2.15.2.jar:/home/brenogonzaga/.m2/repository/com/fasterxml/jackson/core/jackson-core/2.15.2/jackson-core-2.15.2.jar:/home/brenogonzaga/.m2/repository/com/fasterxml/jackson/datatype/jackson-datatype-jdk8/2.15.2/jackson-datatype-jdk8-2.15.2.jar:/home/brenogonzaga/.m2/repository/com/fasterxml/jackson/datatype/jackson-datatype-jsr310/2.15.2/jackson-datatype-jsr310-2.15.2.jar:/home/brenogonzaga/.m2/repository/com/fasterxml/jackson/module/jackson-module-parameter-names/2.15.2/jackson-module-parameter-names-2.15.2.jar:/home/brenogonzaga/.m2/repository/org/springframework/boot/spring-boot-starter-tomcat/3.1.4/spring-boot-starter-tomcat-3.1.4.jar:/home/brenogonzaga/.m2/repository/org/apache/tomcat/embed/tomcat-embed-core/10.1.13/tomcat-embed-core-10.1.13.jar:/home/brenogonzaga/.m2/repository/org/apache/tomcat/embed/tomcat-embed-el/10.1.13/tomcat-embed-el-10.1.13.jar:/home/brenogonzaga/.m2/repository/org/apache/tomcat/embed/tomcat-embed-websocket/10.1.13/tomcat-embed-websocket-10.1.13.jar:/home/brenogonzaga/.m2/repository/org/springframework/spring-web/6.0.12/spring-web-6.0.12.jar:/home/brenogonzaga/.m2/repository/io/micrometer/micrometer-observation/1.11.4/micrometer-observation-1.11.4.jar:/home/brenogonzaga/.m2/repository/io/micrometer/micrometer-commons/1.11.4/micrometer-commons-1.11.4.jar:/home/brenogonzaga/.m2/repository/org/springframework/spring-webmvc/6.0.12/spring-webmvc-6.0.12.jar:/home/brenogonzaga/.m2/repository/org/springframework/boot/spring-boot-devtools/3.1.4/spring-boot-devtools-3.1.4.jar:/home/brenogonzaga/.m2/repository/org/springframework/boot/spring-boot/3.1.4/spring-boot-3.1.4.jar:/home/brenogonzaga/.m2/repository/org/springframework/boot/spring-boot-autoconfigure/3.1.4/spring-boot-autoconfigure-3.1.4.jar:/home/brenogonzaga/.m2/repository/com/mysql/mysql-connector-j/8.0.33/mysql-connector-j-8.0.33.jar:/home/brenogonzaga/.m2/repository/org/springframework/boot/spring-boot-starter-test/3.1.4/spring-boot-starter-test-3.1.4.jar:/home/brenogonzaga/.m2/repository/org/springframework/boot/spring-boot-test/3.1.4/spring-boot-test-3.1.4.jar:/home/brenogonzaga/.m2/repository/org/springframework/boot/spring-boot-test-autoconfigure/3.1.4/spring-boot-test-autoconfigure-3.1.4.jar:/home/brenogonzaga/.m2/repository/com/jayway/jsonpath/json-path/2.8.0/json-path-2.8.0.jar:/home/brenogonzaga/.m2/repository/jakarta/xml/bind/jakarta.xml.bind-api/4.0.1/jakarta.xml.bind-api-4.0.1.jar:/home/brenogonzaga/.m2/repository/jakarta/activation/jakarta.activation-api/2.1.2/jakarta.activation-api-2.1.2.jar:/home/brenogonzaga/.m2/repository/net/minidev/json-smart/2.4.11/json-smart-2.4.11.jar:/home/brenogonzaga/.m2/repository/net/minidev/accessors-smart/2.4.11/accessors-smart-2.4.11.jar:/home/brenogonzaga/.m2/repository/org/ow2/asm/asm/9.3/asm-9.3.jar:/home/brenogonzaga/.m2/repository/org/assertj/assertj-core/3.24.2/assertj-core-3.24.2.jar:/home/brenogonzaga/.m2/repository/org/hamcrest/hamcrest/2.2/hamcrest-2.2.jar:/home/brenogonzaga/.m2/repository/org/junit/jupiter/junit-jupiter/5.9.3/junit-jupiter-5.9.3.jar:/home/brenogonzaga/.m2/repository/org/junit/jupiter/junit-jupiter-api/5.9.3/junit-jupiter-api-5.9.3.jar:/home/brenogonzaga/.m2/repository/org/opentest4j/opentest4j/1.2.0/opentest4j-1.2.0.jar:/home/brenogonzaga/.m2/repository/org/junit/platform/junit-platform-commons/1.9.3/junit-platform-commons-1.9.3.jar:/home/brenogonzaga/.m2/repository/org/apiguardian/apiguardian-api/1.1.2/apiguardian-api-1.1.2.jar:/home/brenogonzaga/.m2/repository/org/junit/jupiter/junit-jupiter-params/5.9.3/junit-jupiter-params-5.9.3.jar:/home/brenogonzaga/.m2/repository/org/junit/jupiter/junit-jupiter-engine/5.9.3/junit-jupiter-engine-5.9.3.jar:/home/brenogonzaga/.m2/repository/org/junit/platform/junit-platform-engine/1.9.3/junit-platform-engine-1.9.3.jar:/home/brenogonzaga/.m2/repository/org/mockito/mockito-core/5.3.1/mockito-core-5.3.1.jar:/home/brenogonzaga/.m2/repository/net/bytebuddy/byte-buddy-agent/1.14.8/byte-buddy-agent-1.14.8.jar:/home/brenogonzaga/.m2/repository/org/objenesis/objenesis/3.3/objenesis-3.3.jar:/home/brenogonzaga/.m2/repository/org/mockito/mockito-junit-jupiter/5.3.1/mockito-junit-jupiter-5.3.1.jar:/home/brenogonzaga/.m2/repository/org/skyscreamer/jsonassert/1.5.1/jsonassert-1.5.1.jar:/home/brenogonzaga/.m2/repository/com/vaadin/external/google/android-json/0.0.20131108.vaadin1/android-json-0.0.20131108.vaadin1.jar:/home/brenogonzaga/.m2/repository/org/springframework/spring-core/6.0.12/spring-core-6.0.12.jar:/home/brenogonzaga/.m2/repository/org/springframework/spring-jcl/6.0.12/spring-jcl-6.0.12.jar:/home/brenogonzaga/.m2/repository/org/springframework/spring-test/6.0.12/spring-test-6.0.12.jar:/home/brenogonzaga/.m2/repository/org/xmlunit/xmlunit-core/2.9.1/xmlunit-core-2.9.1.jar:/home/brenogonzaga/.m2/repository/org/springframework/security/spring-security-test/6.1.4/spring-security-test-6.1.4.jar:/home/brenogonzaga/.m2/repository/org/springframework/security/spring-security-core/6.1.4/spring-security-core-6.1.4.jar:/home/brenogonzaga/.m2/repository/org/springframework/security/spring-security-crypto/6.1.4/spring-security-crypto-6.1.4.jar:/home/brenogonzaga/.m2/repository/org/projectlombok/lombok/1.18.28/lombok-1.18.28.jar:/home/brenogonzaga/.m2/repository/jakarta/validation/jakarta.validation-api/3.0.2/jakarta.validation-api-3.0.2.jar:"/>
    <property name="java.vm.vendor" value="Ubuntu"/>
    <property name="sun.arch.data.model" value="64"/>
    <property name="java.vendor.url" value="https://ubuntu.com/"/>
    <property name="user.timezone" value="America/Fortaleza"/>
    <property name="org.jboss.logging.provider" value="slf4j"/>
    <property name="os.name" value="Linux"/>
    <property name="java.vm.specification.version" value="17"/>
    <property name="sun.java.launcher" value="SUN_STANDARD"/>
    <property name="user.country" value="BR"/>
    <property name="sun.boot.library.path" value="/usr/lib/jvm/java-17-openjdk-amd64/lib"/>
    <property name="sun.java.command" value="/home/brenogonzaga/Dev/backEnd/target/surefire/surefirebooter-20250415111727524_3.jar /home/brenogonzaga/Dev/backEnd/target/surefire 2025-04-15T11-17-27_401-jvmRun1 surefire-20250415111727524_1tmp surefire_0-20250415111727524_2tmp"/>
    <property name="jdk.debug" value="release"/>
    <property name="surefire.test.class.path" value="/home/brenogonzaga/Dev/backEnd/target/test-classes:/home/brenogonzaga/Dev/backEnd/target/classes:/home/brenogonzaga/.m2/repository/org/springframework/boot/spring-boot-starter-data-jpa/3.1.4/spring-boot-starter-data-jpa-3.1.4.jar:/home/brenogonzaga/.m2/repository/org/springframework/boot/spring-boot-starter-aop/3.1.4/spring-boot-starter-aop-3.1.4.jar:/home/brenogonzaga/.m2/repository/org/aspectj/aspectjweaver/1.9.20/aspectjweaver-1.9.20.jar:/home/brenogonzaga/.m2/repository/org/springframework/boot/spring-boot-starter-jdbc/3.1.4/spring-boot-starter-jdbc-3.1.4.jar:/home/brenogonzaga/.m2/repository/com/zaxxer/HikariCP/5.0.1/HikariCP-5.0.1.jar:/home/brenogonzaga/.m2/repository/org/springframework/spring-jdbc/6.0.12/spring-jdbc-6.0.12.jar:/home/brenogonzaga/.m2/repository/org/hibernate/orm/hibernate-core/6.2.9.Final/hibernate-core-6.2.9.Final.jar:/home/brenogonzaga/.m2/repository/jakarta/persistence/jakarta.persistence-api/3.1.0/jakarta.persistence-api-3.1.0.jar:/home/brenogonzaga/.m2/repository/jakarta/transaction/jakarta.transaction-api/2.0.1/jakarta.transaction-api-2.0.1.jar:/home/brenogonzaga/.m2/repository/org/jboss/logging/jboss-logging/3.5.3.Final/jboss-logging-3.5.3.Final.jar:/home/brenogonzaga/.m2/repository/org/hibernate/common/hibernate-commons-annotations/6.0.6.Final/hibernate-commons-annotations-6.0.6.Final.jar:/home/brenogonzaga/.m2/repository/io/smallrye/jandex/3.0.5/jandex-3.0.5.jar:/home/brenogonzaga/.m2/repository/com/fasterxml/classmate/1.5.1/classmate-1.5.1.jar:/home/brenogonzaga/.m2/repository/net/bytebuddy/byte-buddy/1.14.8/byte-buddy-1.14.8.jar:/home/brenogonzaga/.m2/repository/org/glassfish/jaxb/jaxb-runtime/4.0.3/jaxb-runtime-4.0.3.jar:/home/brenogonzaga/.m2/repository/org/glassfish/jaxb/jaxb-core/4.0.3/jaxb-core-4.0.3.jar:/home/brenogonzaga/.m2/repository/org/eclipse/angus/angus-activation/2.0.1/angus-activation-2.0.1.jar:/home/brenogonzaga/.m2/repository/org/glassfish/jaxb/txw2/4.0.3/txw2-4.0.3.jar:/home/brenogonzaga/.m2/repository/com/sun/istack/istack-commons-runtime/4.1.2/istack-commons-runtime-4.1.2.jar:/home/brenogonzaga/.m2/repository/jakarta/inject/jakarta.inject-api/2.0.1/jakarta.inject-api-2.0.1.jar:/home/brenogonzaga/.m2/repository/org/antlr/antlr4-runtime/4.10.1/antlr4-runtime-4.10.1.jar:/home/brenogonzaga/.m2/repository/org/springframework/data/spring-data-jpa/3.1.4/spring-data-jpa-3.1.4.jar:/home/brenogonzaga/.m2/repository/org/springframework/data/spring-data-commons/3.1.4/spring-data-commons-3.1.4.jar:/home/brenogonzaga/.m2/repository/org/springframework/spring-orm/6.0.12/spring-orm-6.0.12.jar:/home/brenogonzaga/.m2/repository/org/springframework/spring-context/6.0.12/spring-context-6.0.12.jar:/home/brenogonzaga/.m2/repository/org/springframework/spring-tx/6.0.12/spring-tx-6.0.12.jar:/home/brenogonzaga/.m2/repository/org/springframework/spring-beans/6.0.12/spring-beans-6.0.12.jar:/home/brenogonzaga/.m2/repository/jakarta/annotation/jakarta.annotation-api/2.1.1/jakarta.annotation-api-2.1.1.jar:/home/brenogonzaga/.m2/repository/org/slf4j/slf4j-api/2.0.9/slf4j-api-2.0.9.jar:/home/brenogonzaga/.m2/repository/org/springframework/spring-aspects/6.0.12/spring-aspects-6.0.12.jar:/home/brenogonzaga/.m2/repository/org/springframework/boot/spring-boot-starter-security/3.1.4/spring-boot-starter-security-3.1.4.jar:/home/brenogonzaga/.m2/repository/org/springframework/boot/spring-boot-starter/3.1.4/spring-boot-starter-3.1.4.jar:/home/brenogonzaga/.m2/repository/org/springframework/boot/spring-boot-starter-logging/3.1.4/spring-boot-starter-logging-3.1.4.jar:/home/brenogonzaga/.m2/repository/ch/qos/logback/logback-classic/1.4.11/logback-classic-1.4.11.jar:/home/brenogonzaga/.m2/repository/ch/qos/logback/logback-core/1.4.11/logback-core-1.4.11.jar:/home/brenogonzaga/.m2/repository/org/apache/logging/log4j/log4j-to-slf4j/2.20.0/log4j-to-slf4j-2.20.0.jar:/home/brenogonzaga/.m2/repository/org/apache/logging/log4j/log4j-api/2.20.0/log4j-api-2.20.0.jar:/home/brenogonzaga/.m2/repository/org/slf4j/jul-to-slf4j/2.0.9/jul-to-slf4j-2.0.9.jar:/home/brenogonzaga/.m2/repository/org/yaml/snakeyaml/1.33/snakeyaml-1.33.jar:/home/brenogonzaga/.m2/repository/org/springframework/spring-aop/6.0.12/spring-aop-6.0.12.jar:/home/brenogonzaga/.m2/repository/org/springframework/security/spring-security-config/6.1.4/spring-security-config-6.1.4.jar:/home/brenogonzaga/.m2/repository/org/springframework/security/spring-security-web/6.1.4/spring-security-web-6.1.4.jar:/home/brenogonzaga/.m2/repository/org/springframework/spring-expression/6.0.12/spring-expression-6.0.12.jar:/home/brenogonzaga/.m2/repository/org/springframework/boot/spring-boot-starter-web/3.1.4/spring-boot-starter-web-3.1.4.jar:/home/brenogonzaga/.m2/repository/org/springframework/boot/spring-boot-starter-json/3.1.4/spring-boot-starter-json-3.1.4.jar:/home/brenogonzaga/.m2/repository/com/fasterxml/jackson/core/jackson-databind/2.15.2/jackson-databind-2.15.2.jar:/home/brenogonzaga/.m2/repository/com/fasterxml/jackson/core/jackson-annotations/2.15.2/jackson-annotations-2.15.2.jar:/home/brenogonzaga/.m2/repository/com/fasterxml/jackson/core/jackson-core/2.15.2/jackson-core-2.15.2.jar:/home/brenogonzaga/.m2/repository/com/fasterxml/jackson/datatype/jackson-datatype-jdk8/2.15.2/jackson-datatype-jdk8-2.15.2.jar:/home/brenogonzaga/.m2/repository/com/fasterxml/jackson/datatype/jackson-datatype-jsr310/2.15.2/jackson-datatype-jsr310-2.15.2.jar:/home/brenogonzaga/.m2/repository/com/fasterxml/jackson/module/jackson-module-parameter-names/2.15.2/jackson-module-parameter-names-2.15.2.jar:/home/brenogonzaga/.m2/repository/org/springframework/boot/spring-boot-starter-tomcat/3.1.4/spring-boot-starter-tomcat-3.1.4.jar:/home/brenogonzaga/.m2/repository/org/apache/tomcat/embed/tomcat-embed-core/10.1.13/tomcat-embed-core-10.1.13.jar:/home/brenogonzaga/.m2/repository/org/apache/tomcat/embed/tomcat-embed-el/10.1.13/tomcat-embed-el-10.1.13.jar:/home/brenogonzaga/.m2/repository/org/apache/tomcat/embed/tomcat-embed-websocket/10.1.13/tomcat-embed-websocket-10.1.13.jar:/home/brenogonzaga/.m2/repository/org/springframework/spring-web/6.0.12/spring-web-6.0.12.jar:/home/brenogonzaga/.m2/repository/io/micrometer/micrometer-observation/1.11.4/micrometer-observation-1.11.4.jar:/home/brenogonzaga/.m2/repository/io/micrometer/micrometer-commons/1.11.4/micrometer-commons-1.11.4.jar:/home/brenogonzaga/.m2/repository/org/springframework/spring-webmvc/6.0.12/spring-webmvc-6.0.12.jar:/home/brenogonzaga/.m2/repository/org/springframework/boot/spring-boot-devtools/3.1.4/spring-boot-devtools-3.1.4.jar:/home/brenogonzaga/.m2/repository/org/springframework/boot/spring-boot/3.1.4/spring-boot-3.1.4.jar:/home/brenogonzaga/.m2/repository/org/springframework/boot/spring-boot-autoconfigure/3.1.4/spring-boot-autoconfigure-3.1.4.jar:/home/brenogonzaga/.m2/repository/com/mysql/mysql-connector-j/8.0.33/mysql-connector-j-8.0.33.jar:/home/brenogonzaga/.m2/repository/org/springframework/boot/spring-boot-starter-test/3.1.4/spring-boot-starter-test-3.1.4.jar:/home/brenogonzaga/.m2/repository/org/springframework/boot/spring-boot-test/3.1.4/spring-boot-test-3.1.4.jar:/home/brenogonzaga/.m2/repository/org/springframework/boot/spring-boot-test-autoconfigure/3.1.4/spring-boot-test-autoconfigure-3.1.4.jar:/home/brenogonzaga/.m2/repository/com/jayway/jsonpath/json-path/2.8.0/json-path-2.8.0.jar:/home/brenogonzaga/.m2/repository/jakarta/xml/bind/jakarta.xml.bind-api/4.0.1/jakarta.xml.bind-api-4.0.1.jar:/home/brenogonzaga/.m2/repository/jakarta/activation/jakarta.activation-api/2.1.2/jakarta.activation-api-2.1.2.jar:/home/brenogonzaga/.m2/repository/net/minidev/json-smart/2.4.11/json-smart-2.4.11.jar:/home/brenogonzaga/.m2/repository/net/minidev/accessors-smart/2.4.11/accessors-smart-2.4.11.jar:/home/brenogonzaga/.m2/repository/org/ow2/asm/asm/9.3/asm-9.3.jar:/home/brenogonzaga/.m2/repository/org/assertj/assertj-core/3.24.2/assertj-core-3.24.2.jar:/home/brenogonzaga/.m2/repository/org/hamcrest/hamcrest/2.2/hamcrest-2.2.jar:/home/brenogonzaga/.m2/repository/org/junit/jupiter/junit-jupiter/5.9.3/junit-jupiter-5.9.3.jar:/home/brenogonzaga/.m2/repository/org/junit/jupiter/junit-jupiter-api/5.9.3/junit-jupiter-api-5.9.3.jar:/home/brenogonzaga/.m2/repository/org/opentest4j/opentest4j/1.2.0/opentest4j-1.2.0.jar:/home/brenogonzaga/.m2/repository/org/junit/platform/junit-platform-commons/1.9.3/junit-platform-commons-1.9.3.jar:/home/brenogonzaga/.m2/repository/org/apiguardian/apiguardian-api/1.1.2/apiguardian-api-1.1.2.jar:/home/brenogonzaga/.m2/repository/org/junit/jupiter/junit-jupiter-params/5.9.3/junit-jupiter-params-5.9.3.jar:/home/brenogonzaga/.m2/repository/org/junit/jupiter/junit-jupiter-engine/5.9.3/junit-jupiter-engine-5.9.3.jar:/home/brenogonzaga/.m2/repository/org/junit/platform/junit-platform-engine/1.9.3/junit-platform-engine-1.9.3.jar:/home/brenogonzaga/.m2/repository/org/mockito/mockito-core/5.3.1/mockito-core-5.3.1.jar:/home/brenogonzaga/.m2/repository/net/bytebuddy/byte-buddy-agent/1.14.8/byte-buddy-agent-1.14.8.jar:/home/brenogonzaga/.m2/repository/org/objenesis/objenesis/3.3/objenesis-3.3.jar:/home/brenogonzaga/.m2/repository/org/mockito/mockito-junit-jupiter/5.3.1/mockito-junit-jupiter-5.3.1.jar:/home/brenogonzaga/.m2/repository/org/skyscreamer/jsonassert/1.5.1/jsonassert-1.5.1.jar:/home/brenogonzaga/.m2/repository/com/vaadin/external/google/android-json/0.0.20131108.vaadin1/android-json-0.0.20131108.vaadin1.jar:/home/brenogonzaga/.m2/repository/org/springframework/spring-core/6.0.12/spring-core-6.0.12.jar:/home/brenogonzaga/.m2/repository/org/springframework/spring-jcl/6.0.12/spring-jcl-6.0.12.jar:/home/brenogonzaga/.m2/repository/org/springframework/spring-test/6.0.12/spring-test-6.0.12.jar:/home/brenogonzaga/.m2/repository/org/xmlunit/xmlunit-core/2.9.1/xmlunit-core-2.9.1.jar:/home/brenogonzaga/.m2/repository/org/springframework/security/spring-security-test/6.1.4/spring-security-test-6.1.4.jar:/home/brenogonzaga/.m2/repository/org/springframework/security/spring-security-core/6.1.4/spring-security-core-6.1.4.jar:/home/brenogonzaga/.m2/repository/org/springframework/security/spring-security-crypto/6.1.4/spring-security-crypto-6.1.4.jar:/home/brenogonzaga/.m2/repository/org/projectlombok/lombok/1.18.28/lombok-1.18.28.jar:/home/brenogonzaga/.m2/repository/jakarta/validation/jakarta.validation-api/3.0.2/jakarta.validation-api-3.0.2.jar:"/>
    <property name="sun.cpu.endian" value="little"/>
    <property name="user.home" value="/home/brenogonzaga"/>
    <property name="user.language" value="pt"/>
    <property name="java.specification.vendor" value="Oracle Corporation"/>
    <property name="java.version.date" value="2025-01-21"/>
    <property name="java.home" value="/usr/lib/jvm/java-17-openjdk-amd64"/>
    <property name="file.separator" value="/"/>
    <property name="basedir" value="/home/brenogonzaga/Dev/backEnd"/>
    <property name="java.vm.compressedOopsMode" value="32-bit"/>
    <property name="line.separator" value="&#10;"/>
    <property name="java.specification.name" value="Java Platform API Specification"/>
    <property name="java.vm.specification.vendor" value="Oracle Corporation"/>
    <property name="FILE_LOG_CHARSET" value="UTF-8"/>
    <property name="java.awt.headless" value="true"/>
    <property name="surefire.real.class.path" value="/home/brenogonzaga/Dev/backEnd/target/surefire/surefirebooter-20250415111727524_3.jar"/>
    <property name="sun.management.compiler" value="HotSpot 64-Bit Tiered Compilers"/>
    <property name="java.runtime.version" value="17.0.14+7-Ubuntu-124.04"/>
    <property name="user.name" value="brenogonzaga"/>
    <property name="path.separator" value=":"/>
    <property name="os.version" value="6.11.0-21-generic"/>
    <property name="java.runtime.name" value="OpenJDK Runtime Environment"/>
    <property name="file.encoding" value="UTF-8"/>
    <property name="java.vm.name" value="OpenJDK 64-Bit Server VM"/>
    <property name="localRepository" value="/home/brenogonzaga/.m2/repository"/>
    <property name="java.vendor.url.bug" value="https://bugs.launchpad.net/ubuntu/+source/openjdk-17"/>
    <property name="java.io.tmpdir" value="/tmp"/>
    <property name="com.zaxxer.hikari.pool_number" value="1"/>
    <property name="java.version" value="17.0.14"/>
    <property name="user.dir" value="/home/brenogonzaga/Dev/backEnd"/>
    <property name="os.arch" value="amd64"/>
    <property name="java.vm.specification.name" value="Java Virtual Machine Specification"/>
    <property name="PID" value="87180"/>
    <property name="CONSOLE_LOG_CHARSET" value="UTF-8"/>
    <property name="native.encoding" value="UTF-8"/>
    <property name="java.library.path" value="/usr/java/packages/lib:/usr/lib/x86_64-linux-gnu/jni:/lib/x86_64-linux-gnu:/usr/lib/x86_64-linux-gnu:/usr/lib/jni:/lib:/usr/lib"/>
    <property name="java.vm.info" value="mixed mode, sharing"/>
    <property name="java.vendor" value="Ubuntu"/>
    <property name="java.vm.version" value="17.0.14+7-Ubuntu-124.04"/>
    <property name="java.specification.maintenance.version" value="1"/>
    <property name="sun.io.unicode.encoding" value="UnicodeLittle"/>
    <property name="java.class.version" value="61.0"/>
  </properties>
  <testcase name="contextLoads" classname="com.autoestudo.backEnd.AutoEstutoApplicationTests" time="0.574">
    <system-out><![CDATA[11:17:28.298 [main] INFO org.springframework.test.context.support.AnnotationConfigContextLoaderUtils -- Could not detect default configuration classes for test class [com.autoestudo.backEnd.AutoEstutoApplicationTests]: AutoEstutoApplicationTests does not declare any static, non-private, non-final, nested classes annotated with @Configuration.
11:17:28.439 [main] INFO org.springframework.boot.test.context.SpringBootTestContextBootstrapper -- Found @SpringBootConfiguration com.autoestudo.backEnd.AutoEstutoApplication for test class com.autoestudo.backEnd.AutoEstutoApplicationTests

  .   ____          _            __ _ _
 /\\ / ___'_ __ _ _(_)_ __  __ _ \ \ \ \
( ( )\___ | '_ | '_| | '_ \/ _` | \ \ \ \
 \\/  ___)| |_)| | | | | || (_| |  ) ) ) )
  '  |____| .__|_| |_|_| |_\__, | / / / /
 =========|_|==============|___/=/_/_/_/
 :: Spring Boot ::                (v3.1.4)

2025-04-15T11:17:28.896-03:00  INFO 87180 --- [           main] c.a.backEnd.AutoEstutoApplicationTests   : Starting AutoEstutoApplicationTests using Java 17.0.14 with PID 87180 (started by brenogonzaga in /home/brenogonzaga/Dev/backEnd)
2025-04-15T11:17:28.898-03:00  INFO 87180 --- [           main] c.a.backEnd.AutoEstutoApplicationTests   : No active profile set, falling back to 1 default profile: "default"
2025-04-15T11:17:29.596-03:00  INFO 87180 --- [           main] .s.d.r.c.RepositoryConfigurationDelegate : Bootstrapping Spring Data JPA repositories in DEFAULT mode.
2025-04-15T11:17:29.658-03:00  INFO 87180 --- [           main] .s.d.r.c.RepositoryConfigurationDelegate : Finished Spring Data repository scanning in 53 ms. Found 2 JPA repository interfaces.
2025-04-15T11:17:30.198-03:00  INFO 87180 --- [           main] o.hibernate.jpa.internal.util.LogHelper  : HHH000204: Processing PersistenceUnitInfo [name: default]
2025-04-15T11:17:30.263-03:00  INFO 87180 --- [           main] org.hibernate.Version                    : HHH000412: Hibernate ORM core version 6.2.9.Final
2025-04-15T11:17:30.266-03:00  INFO 87180 --- [           main] org.hibernate.cfg.Environment            : HHH000406: Using bytecode reflection optimizer
2025-04-15T11:17:30.425-03:00  INFO 87180 --- [           main] o.h.b.i.BytecodeProviderInitiator        : HHH000021: Bytecode provider name : bytebuddy
2025-04-15T11:17:30.554-03:00  INFO 87180 --- [           main] o.s.o.j.p.SpringPersistenceUnitInfo      : No LoadTimeWeaver setup: ignoring JPA class transformer
2025-04-15T11:17:30.573-03:00  INFO 87180 --- [           main] com.zaxxer.hikari.HikariDataSource       : HikariPool-1 - Starting...
2025-04-15T11:17:30.784-03:00  INFO 87180 --- [           main] com.zaxxer.hikari.pool.HikariPool        : HikariPool-1 - Added connection com.mysql.cj.jdbc.ConnectionImpl@2e3f324e
2025-04-15T11:17:30.786-03:00  INFO 87180 --- [           main] com.zaxxer.hikari.HikariDataSource       : HikariPool-1 - Start completed.
2025-04-15T11:17:31.300-03:00  INFO 87180 --- [           main] o.h.b.i.BytecodeProviderInitiator        : HHH000021: Bytecode provider name : bytebuddy
2025-04-15T11:17:31.905-03:00  INFO 87180 --- [           main] o.h.e.t.j.p.i.JtaPlatformInitiator       : HHH000490: Using JtaPlatform implementation: [org.hibernate.engine.transaction.jta.platform.internal.NoJtaPlatform]
2025-04-15T11:17:32.055-03:00  INFO 87180 --- [           main] j.LocalContainerEntityManagerFactoryBean : Initialized JPA EntityManagerFactory for persistence unit 'default'
2025-04-15T11:17:32.499-03:00  WARN 87180 --- [           main] JpaBaseConfiguration$JpaWebConfiguration : spring.jpa.open-in-view is enabled by default. Therefore, database queries may be performed during view rendering. Explicitly configure spring.jpa.open-in-view to disable this warning
2025-04-15T11:17:32.541-03:00  WARN 87180 --- [           main] .s.s.UserDetailsServiceAutoConfiguration : 

Using generated security password: fb255a13-4ffe-4270-9c4a-3267fb4fb623

This generated password is for development use only. Your security configuration must be updated before running your application in production.

2025-04-15T11:17:32.691-03:00  INFO 87180 --- [           main] o.s.s.web.DefaultSecurityFilterChain     : Will secure any request with [org.springframework.security.web.session.DisableEncodeUrlFilter@64df8422, org.springframework.security.web.context.request.async.WebAsyncManagerIntegrationFilter@2b30b627, org.springframework.security.web.context.SecurityContextHolderFilter@245b0bd7, org.springframework.security.web.header.HeaderWriterFilter@5169db2f, org.springframework.web.filter.CorsFilter@5fa9971f, org.springframework.security.web.authentication.logout.LogoutFilter@558ed473, org.springframework.security.web.savedrequest.RequestCacheAwareFilter@2748bd6c, org.springframework.security.web.servletapi.SecurityContextHolderAwareRequestFilter@37b1218, org.springframework.security.web.authentication.AnonymousAuthenticationFilter@70a24463, org.springframework.security.web.access.ExceptionTranslationFilter@e08d871, org.springframework.security.web.access.intercept.AuthorizationFilter@4fd00e10]
2025-04-15T11:17:33.215-03:00  INFO 87180 --- [           main] c.a.backEnd.AutoEstutoApplicationTests   : Started AutoEstutoApplicationTests in 4.624 seconds (process running for 5.611)
]]></system-out>
  </testcase>
</testsuite>